<?xml version="1.0" encoding="UTF-8"?>
<testsuite xmlns:xsi="http://www.w3.org/2001/XMLSchema-instance" xsi:noNamespaceSchemaLocation="https://maven.apache.org/surefire/maven-surefire-plugin/xsd/surefire-test-report-3.0.xsd" version="3.0" name="org.sit.qe.util.CollectionUtilsTest" time="0.076" tests="4" errors="0" skipped="0" failures="0">
  <properties>
[...]
</properties>
  <testcase name="testMean" classname="org.sit.qe.util.CollectionUtilsTest" time="0.047"/>
  <testcase name="testMeanThree" classname="org.sit.qe.util.CollectionUtilsTest" time="0.002"/>
  <testcase name="testMeanOne" classname="org.sit.qe.util.CollectionUtilsTest" time="0.002"/>
  <testcase name="testMeanTwo" classname="org.sit.qe.util.CollectionUtilsTest" time="0.001"/>
</testsuite>